\BOOKMARK [1][-]{section*.1}{\376\377\000L\036\335\000i\000\040\000c\036\243\000m\000\040\001\241\000n}{}% 1
\BOOKMARK [1][-]{section*.2}{\376\377\000L\036\335\000i\000\040\000c\000a\000m\000\040\001\021\000o\000a\000n}{}% 2
\BOOKMARK [1][-]{section*.3}{\376\377\000T\000\363\000m\000\040\000t\036\257\000t}{}% 3
\BOOKMARK [1][-]{section*.4}{\376\377\000D\000a\000n\000h\000\040\000m\036\345\000c\000\040\000t\000h\000u\036\255\000t\000\040\000n\000g\036\357}{}% 4
\BOOKMARK [1][-]{section.8}{\376\377\000G\000i\036\333\000i\000\040\000t\000h\000i\036\307\000u}{}% 5
\BOOKMARK [2][-]{subsection.9}{\376\377\001\020\036\331\000n\000g\000\040\000l\036\361\000c}{section.8}% 6
\BOOKMARK [2][-]{subsection.10}{\376\377\000M\036\345\000c\000\040\000t\000i\000\352\000u}{section.8}% 7
\BOOKMARK [2][-]{subsection.11}{\376\377\000P\000h\036\241\000m\000\040\000v\000i}{section.8}% 8
\BOOKMARK [3][-]{subsubsection.12}{\376\377\000P\000h\036\241\000m\000\040\000v\000i\000\040\000h\000i\036\307\000n\000\040\000t\036\241\000i}{subsection.11}% 9
\BOOKMARK [3][-]{subsubsection.13}{\376\377\000N\000g\000o\000\340\000i\000\040\000p\000h\036\241\000m\000\040\000v\000i\000\040\000h\000i\036\307\000n\000\040\000t\036\241\000i}{subsection.11}% 10
\BOOKMARK [2][-]{subsection.14}{\376\377\000\335\000\040\000n\000g\000h\001\051\000a\000\040\000c\036\347\000a\000\040\001\021\036\301\000\040\000t\000\340\000i}{section.8}% 11
\BOOKMARK [3][-]{subsubsection.15}{\376\377\000\335\000\040\000n\000g\000h\001\051\000a\000\040\000t\000h\036\361\000c\000\040\000t\000i\036\305\000n}{subsection.14}% 12
\BOOKMARK [3][-]{subsubsection.16}{\376\377\000\335\000\040\000n\000g\000h\001\051\000a\000\040\000k\000h\000o\000a\000\040\000h\036\315\000c\000\040\000v\000\340\000\040\000h\036\315\000c\000\040\000t\000h\000u\036\255\000t}{subsection.14}% 13
\BOOKMARK [2][-]{subsection.17}{\376\377\000C\036\245\000u\000\040\000t\000r\000\372\000c\000\040\000b\000\341\000o\000\040\000c\000\341\000o}{section.8}% 14
\BOOKMARK [1][-]{section.18}{\376\377\000K\000i\036\277\000n\000\040\000t\000h\036\351\000c\000\040\000n\036\301\000n\000\040\000t\036\243\000n\000g}{}% 15
\BOOKMARK [2][-]{subsection.19}{\376\377\000K\000i\036\277\000n\000\040\000t\000h\036\351\000c\000\040\000n\036\301\000n\000\040\000t\036\243\000n\000g\000\040\000v\036\301\000\040\000A\000c\000t\000i\000o\000n\000\040\000R\000P\000G\000\040\000v\000\340\000\040\000m\000\364\000i\000\040\000t\000r\001\260\036\335\000n\000g\000\040\000r\000e\000a\000l\000-\000t\000i\000m\000e}{section.18}% 16
\BOOKMARK [3][-]{subsubsection.20}{\376\377\001\020\036\267\000c\000\040\001\021\000i\036\303\000m\000\040\000c\036\347\000a\000\040\000A\000c\000t\000i\000o\000n\000\040\000R\000P\000G}{subsection.19}% 17
\BOOKMARK [3][-]{subsubsection.24}{\376\377\000H\036\307\000\040\000t\000h\036\321\000n\000g\000\040\000m\000u\000l\000t\000i\000p\000l\000a\000y\000e\000r\000\040\000t\000r\000o\000n\000g\000\040\000A\000c\000t\000i\000o\000n\000\040\000R\000P\000G}{subsection.19}% 18
\BOOKMARK [2][-]{subsection.28}{\376\377\000K\000i\036\277\000n\000\040\000t\000h\036\351\000c\000\040\000n\036\301\000n\000\040\000t\036\243\000n\000g\000\040\000v\036\301\000\040\000G\000a\000m\000e\000\040\000D\000e\000s\000i\000g\000n}{section.18}% 19
\BOOKMARK [3][-]{subsubsection.29}{\376\377\000C\000o\000r\000e\000\040\000L\000o\000o\000p\000\040\000v\000\340\000\040\000M\000e\000t\000a\000\040\000L\000o\000o\000p}{subsection.28}% 20
\BOOKMARK [3][-]{subsubsection.33}{\376\377\000P\000r\000o\000g\000r\000e\000s\000s\000i\000o\000n\000\040\000S\000y\000s\000t\000e\000m\000\040\000\050\000H\036\307\000\040\000t\000h\036\321\000n\000g\000\040\000p\000h\000\341\000t\000\040\000t\000r\000i\036\303\000n\000\040\000n\000h\000\342\000n\000\040\000v\036\255\000t\000\051}{subsection.28}% 21
\BOOKMARK [3][-]{subsubsection.44}{\376\377\000C\000o\000m\000b\000a\000t\000\040\000D\000e\000s\000i\000g\000n\000\040\000\050\000T\000h\000i\036\277\000t\000\040\000k\036\277\000\040\000c\000h\000i\036\277\000n\000\040\001\021\036\245\000u\000\051}{subsection.28}% 22
\BOOKMARK [3][-]{subsubsection.47}{\376\377\000W\000o\000r\000l\000d\000\040\000S\000y\000s\000t\000e\000m\000\040\000v\000\340\000\040\000L\000e\000v\000e\000l\000\040\000D\000e\000s\000i\000g\000n}{subsection.28}% 23
\BOOKMARK [3][-]{subsubsection.48}{\376\377\000H\036\307\000\040\000t\000h\036\321\000n\000g\000\040\000k\000i\000n\000h\000\040\000t\036\277\000\040\000\050\000G\000a\000m\000e\000\040\000E\000c\000o\000n\000o\000m\000y\000\051}{subsection.28}% 24
\BOOKMARK [3][-]{subsubsection.49}{\376\377\000U\000X\000/\000U\000I\000\040\000D\000e\000s\000i\000g\000n\000\040\000t\000r\000o\000n\000g\000\040\000g\000a\000m\000e\000\040\000v\000\340\000\040\001\021\036\313\000n\000h\000\040\000h\001\260\036\333\000n\000g\000\040\000p\000h\000o\000n\000g\000\040\000c\000\341\000c\000h\000\040\000P\000i\000x\000e\000l\000\040\000A\000r\000t}{subsection.28}% 25
\BOOKMARK [3][-]{subsubsection.50}{\376\377\000B\000a\000l\000a\000n\000c\000i\000n\000g\000\040\000F\000u\000n\000d\000a\000m\000e\000n\000t\000a\000l\000s\000\040\000\050\000C\000\342\000n\000\040\000b\036\261\000n\000g\000\040\000g\000a\000m\000e\000\051}{subsection.28}% 26
\BOOKMARK [2][-]{subsection.51}{\376\377\000T\036\325\000n\000g\000\040\000k\036\277\000t\000\040\000c\000h\001\260\001\241\000n\000g}{section.18}% 27
\BOOKMARK [1][-]{section.52}{\376\377\000C\000\364\000n\000g\000\040\000n\000g\000h\036\307\000\040\000s\036\355\000\040\000d\036\345\000n\000g}{}% 28
\BOOKMARK [2][-]{subsection.53}{\376\377\000C\000\364\000n\000g\000\040\000n\000g\000h\036\307\000\040\000p\000h\000\355\000a\000\040\000c\000l\000i\000e\000n\000t}{section.52}% 29
\BOOKMARK [3][-]{subsubsection.54}{\376\377\000G\000a\000m\000e\000\040\000e\000n\000g\000i\000n\000e\000:\000\040\000U\000n\000i\000t\000y}{subsection.53}% 30
\BOOKMARK [3][-]{subsubsection.55}{\376\377\000N\000g\000\364\000n\000\040\000n\000g\036\357\000\040\000l\036\255\000p\000\040\000t\000r\000\354\000n\000h\000:\000\040\000C\000\043}{subsection.53}% 31
\BOOKMARK [3][-]{subsubsection.56}{\376\377\000N\000g\000u\000y\000\352\000n\000\040\000t\036\257\000c\000\040\000x\036\355\000\040\000l\000\375\000\040\000l\000o\000g\000i\000c\000\040\036\337\000\040\000c\000l\000i\000e\000n\000t}{subsection.53}% 32
\BOOKMARK [2][-]{subsection.57}{\376\377\000C\000\364\000n\000g\000\040\000n\000g\000h\036\307\000\040\000p\000h\000\355\000a\000\040\000s\000e\000r\000v\000e\000r}{section.52}% 33
\BOOKMARK [3][-]{subsubsection.58}{\376\377\000N\036\301\000n\000\040\000t\036\243\000n\000g\000\040\000r\000u\000n\000t\000i\000m\000e\000:\000\040\000N\000o\000d\000e\000.\000j\000s}{subsection.57}% 34
\BOOKMARK [3][-]{subsubsection.59}{\376\377\000F\000r\000a\000m\000e\000w\000o\000r\000k\000:\000\040\000N\000e\000s\000t\000J\000S\000\040\000v\000\340\000\040\000T\000y\000p\000e\000S\000c\000r\000i\000p\000t}{subsection.57}% 35
\BOOKMARK [3][-]{subsubsection.60}{\376\377\000T\000\341\000c\000\040\000v\036\345\000\040\000n\036\301\000n\000\040\000\050\000b\000a\000c\000k\000g\000r\000o\000u\000n\000d\000\040\000j\000o\000b\000s\000\051}{subsection.57}% 36
\BOOKMARK [2][-]{subsection.61}{\376\377\000C\000\364\000n\000g\000\040\000n\000g\000h\036\307\000\040\000g\000i\000a\000o\000\040\000t\000i\036\277\000p\000\040\000m\036\241\000n\000g}{section.52}% 37
\BOOKMARK [3][-]{subsubsection.62}{\376\377\000H\000T\000T\000P\000/\000R\000E\000S\000T}{subsection.61}% 38
\BOOKMARK [2][-]{subsection.63}{\376\377\000C\000\364\000n\000g\000\040\000n\000g\000h\036\307\000\040\000l\001\260\000u\000\040\000t\000r\036\357\000\040\000d\036\357\000\040\000l\000i\036\307\000u}{section.52}% 39
\BOOKMARK [3][-]{subsubsection.64}{\376\377\000M\000o\000n\000g\000o\000D\000B}{subsection.63}% 40
\BOOKMARK [3][-]{subsubsection.65}{\376\377\000R\000e\000d\000i\000s}{subsection.63}% 41
\BOOKMARK [3][-]{subsubsection.66}{\376\377\000O\000b\000j\000e\000c\000t\000\040\000S\000t\000o\000r\000a\000g\000e\000\040\000\050\000t\000u\036\363\000\040\000c\000h\036\315\000n\000\040\000m\036\337\000\040\000r\036\331\000n\000g\000\051}{subsection.63}% 42
\BOOKMARK [2][-]{subsection.67}{\376\377\000C\000\364\000n\000g\000\040\000c\036\345\000\040\000q\000u\036\243\000n\000\040\000t\000r\036\313\000\040\000g\000a\000m\000e\000\040\000c\000o\000n\000f\000i\000g\000u\000r\000a\000t\000i\000o\000n\000\040\000t\000h\000e\000o\000\040\000h\001\260\036\333\000n\000g\000\040\000d\000a\000t\000a\000-\000d\000r\000i\000v\000e\000n}{section.52}% 43
\BOOKMARK [2][-]{subsection.68}{\376\377\000C\000\364\000n\000g\000\040\000c\036\345\000\040\000h\036\327\000\040\000t\000r\036\343\000\040\000p\000h\000\341\000t\000\040\000t\000r\000i\036\303\000n\000\040\000v\000\340\000\040\000t\000\340\000i\000\040\000l\000i\036\307\000u\000\040\000h\000o\000\341}{section.52}% 44
\BOOKMARK [3][-]{subsubsection.69}{\376\377\000Q\000u\036\243\000n\000\040\000l\000\375\000\040\000m\000\343\000\040\000n\000g\000u\036\323\000n\000\040\000v\000\340\000\040\000p\000h\036\321\000i\000\040\000h\036\343\000p\000\040\000n\000h\000\363\000m}{subsection.68}% 45
\BOOKMARK [3][-]{subsubsection.70}{\376\377\000C\000\364\000n\000g\000\040\000c\036\345\000\040\000m\000\364\000\040\000h\000\354\000n\000h\000\040\000h\000o\000\341\000\040\000v\000\340\000\040\000t\000\340\000i\000\040\000l\000i\036\307\000u}{subsection.68}% 46
\BOOKMARK [2][-]{subsection.71}{\376\377\000T\036\325\000n\000g\000\040\000k\036\277\000t}{section.52}% 47
\BOOKMARK [1][-]{section.72}{\376\377\000C\000\341\000c\000\040\000c\000\364\000n\000g\000\040\000t\000r\000\354\000n\000h\000\040\000l\000i\000\352\000n\000\040\000q\000u\000a\000n}{}% 48
\BOOKMARK [2][-]{subsection.73}{\376\377\000C\000\341\000c\000h\000\040\000d\000\371\000n\000g\000\040\000n\000g\000u\036\323\000n\000\040\000t\000h\000a\000m\000\040\000k\000h\036\243\000o\000\040\036\337\000\040\000t\000h\036\335\000i\000\040\001\021\000i\036\303\000m\000\040\000h\000i\036\307\000n\000\040\000t\036\241\000i}{section.72}% 49
\BOOKMARK [2][-]{subsection.74}{\376\377\001\020\036\321\000i\000\040\000c\000h\000i\036\277\000u\000\040\000n\000g\000u\036\323\000n\000\040\000c\036\243\000m\000\040\000h\036\351\000n\000g\000\040\000v\000\340\000\040\000m\036\351\000c\000\040\000t\001\260\001\241\000n\000g\000\040\001\021\036\323\000n\000g\000\040\000h\000i\036\307\000n\000\040\000t\036\241\000i}{section.72}% 50
\BOOKMARK [2][-]{subsection.76}{\376\377\000N\000g\000u\036\323\000n\000\040\000t\000h\000a\000m\000\040\000k\000h\036\243\000o\000\040\000c\000\363\000\040\036\243\000n\000h\000\040\000h\001\260\036\337\000n\000g\000\040\000t\000r\036\361\000c\000\040\000t\000i\036\277\000p\000\040\001\021\036\277\000n\000\040\000t\000r\000i\036\303\000n\000\040\000k\000h\000a\000i}{section.72}% 51
\BOOKMARK [2][-]{subsection.77}{\376\377\000K\036\277\000t\000\040\000l\000u\036\255\000n\000\040\000c\000h\001\260\001\241\000n\000g}{section.72}% 52
\BOOKMARK [1][-]{section.78}{\376\377\000P\000h\000\342\000n\000\040\000t\000\355\000c\000h\000\040\000y\000\352\000u\000\040\000c\036\247\000u}{}% 53
\BOOKMARK [2][-]{subsection.79}{\376\377\000P\000h\036\241\000m\000\040\000v\000i\000\040\000v\000\340\000\040\000g\000i\036\243\000\040\001\021\036\313\000n\000h}{section.78}% 54
\BOOKMARK [3][-]{subsubsection.80}{\376\377\000P\000h\036\241\000m\000\040\000v\000i\000\040\000h\000i\036\307\000n\000\040\000t\036\241\000i}{subsection.79}% 55
\BOOKMARK [3][-]{subsubsection.81}{\376\377\000G\000i\036\243\000\040\001\021\036\313\000n\000h}{subsection.79}% 56
\BOOKMARK [2][-]{subsection.82}{\376\377\000T\000\341\000c\000\040\000n\000h\000\342\000n\000\040\000v\000\340\000\040\000r\000a\000n\000h\000\040\000g\000i\036\333\000i\000\040\000h\036\307\000\040\000t\000h\036\321\000n\000g}{section.78}% 57
\BOOKMARK [3][-]{subsubsection.83}{\376\377\000T\000\341\000c\000\040\000n\000h\000\342\000n}{subsection.82}% 58
\BOOKMARK [3][-]{subsubsection.84}{\376\377\000R\000a\000n\000h\000\040\000g\000i\036\333\000i\000\040\000h\036\307\000\040\000t\000h\036\321\000n\000g}{subsection.82}% 59
\BOOKMARK [2][-]{subsection.85}{\376\377\000Y\000\352\000u\000\040\000c\036\247\000u\000\040\000c\000h\036\351\000c\000\040\000n\001\003\000n\000g}{section.78}% 60
\BOOKMARK [3][-]{subsubsection.86}{\376\377\000D\000a\000n\000h\000\040\000s\000\341\000c\000h\000\040\000y\000\352\000u\000\040\000c\036\247\000u\000\040\000c\000h\036\351\000c\000\040\000n\001\003\000n\000g\000\040\000h\000i\036\307\000n\000\040\000t\036\241\000i}{subsection.85}% 61
\BOOKMARK [2][-]{subsection.98}{\376\377\000Y\000\352\000u\000\040\000c\036\247\000u\000\040\000p\000h\000i\000\040\000c\000h\036\351\000c\000\040\000n\001\003\000n\000g}{section.78}% 62
\BOOKMARK [2][-]{subsection.99}{\376\377\000Y\000\352\000u\000\040\000c\036\247\000u\000\040\000d\036\357\000\040\000l\000i\036\307\000u}{section.78}% 63
\BOOKMARK [3][-]{subsubsection.100}{\376\377\000P\000h\000\342\000n\000\040\000l\000o\036\241\000i\000\040\000d\036\357\000\040\000l\000i\036\307\000u}{subsection.99}% 64
\BOOKMARK [3][-]{subsubsection.103}{\376\377\000Y\000\352\000u\000\040\000c\036\247\000u\000\040\000m\000\364\000\040\000h\000\354\000n\000h\000\040\000d\036\357\000\040\000l\000i\036\307\000u\000\040\000m\036\351\000c\000\040\000l\000o\000g\000i\000c}{subsection.99}% 65
\BOOKMARK [2][-]{subsection.104}{\376\377\000T\000i\000\352\000u\000\040\000c\000h\000\355\000\040\000c\000h\036\245\000p\000\040\000n\000h\036\255\000n\000\040\000t\000h\000e\000o\000\040\000t\000r\036\241\000n\000g\000\040\000t\000h\000\341\000i\000\040\000h\000i\036\307\000n\000\040\000t\036\241\000i}{section.78}% 66
\BOOKMARK [1][-]{section.105}{\376\377\000P\000h\000\342\000n\000\040\000t\000\355\000c\000h\000\040\000h\036\307\000\040\000t\000h\036\321\000n\000g}{}% 67
\BOOKMARK [2][-]{subsection.106}{\376\377\000T\036\325\000n\000g\000\040\000q\000u\000a\000n\000\040\000p\000h\000\342\000n\000\040\000h\036\307\000\040\000v\000\340\000\040\000r\000a\000n\000h\000\040\000g\000i\036\333\000i\000\040\000t\000r\000\341\000c\000h\000\040\000n\000h\000i\036\307\000m}{section.105}% 68
\BOOKMARK [2][-]{subsection.107}{\376\377\000T\000\341\000c\000\040\000n\000h\000\342\000n\000\040\000h\036\307\000\040\000t\000h\036\321\000n\000g}{section.105}% 69
\BOOKMARK [2][-]{subsection.109}{\376\377\000P\000h\000\342\000n\000\040\000t\000\355\000c\000h\000\040\000u\000s\000e\000\040\000c\000a\000s\000e\000\040\000t\000h\000e\000o\000\040\000p\000h\036\241\000m\000\040\000v\000i\000\040\000h\000i\036\307\000n\000\040\000t\036\241\000i}{section.105}% 70
\BOOKMARK [3][-]{subsubsection.110}{\376\377\000N\000h\000\363\000m\000\040\000x\000\341\000c\000\040\000t\000h\036\361\000c\000\040\000v\000\340\000\040\000p\000h\000i\000\352\000n}{subsection.109}% 71
\BOOKMARK [3][-]{subsubsection.113}{\376\377\000N\000h\000\363\000m\000\040\001\021\036\323\000n\000g\000\040\000b\036\331\000\040\000t\000r\036\241\000n\000g\000\040\000t\000h\000\341\000i\000\040\000n\000g\001\260\036\335\000i\000\040\000c\000h\001\241\000i}{subsection.109}% 72
\BOOKMARK [3][-]{subsubsection.114}{\376\377\000N\000h\000\363\000m\000\040\000q\000u\000e\000s\000t}{subsection.109}% 73
\BOOKMARK [3][-]{subsubsection.115}{\376\377\000N\000h\000\363\000m\000\040\000b\000a\000t\000t\000l\000e\000\040\000s\000e\000s\000s\000i\000o\000n}{subsection.109}% 74
\BOOKMARK [3][-]{subsubsection.117}{\376\377\000N\000h\000\363\000m\000\040\000t\000u\000t\000o\000r\000i\000a\000l\000\040\000p\000r\000o\000g\000r\000e\000s\000s}{subsection.109}% 75
\BOOKMARK [3][-]{subsubsection.118}{\376\377\000N\000h\000\363\000m\000\040\000p\000r\000o\000g\000r\000e\000s\000s\000i\000o\000n\000\040\000t\000h\000a\000o\000\040\000t\000\341\000c\000\040\000t\000r\036\361\000c\000\040\000t\000i\036\277\000p}{subsection.109}% 76
\BOOKMARK [2][-]{subsection.121}{\376\377\001\020\036\267\000c\000\040\000t\036\243\000\040\000u\000s\000e\000\040\000c\000a\000s\000e\000\040\000t\000r\036\315\000n\000g\000\040\000y\036\277\000u}{section.105}% 77
\BOOKMARK [3][-]{subsubsection.122}{\376\377\000U\000C\000-\0000\0001\000\040\040\023\000\040\001\020\001\003\000n\000g\000\040\000n\000h\036\255\000p\000\040\000v\000\340\000\040\000t\000h\000i\036\277\000t\000\040\000l\036\255\000p\000\040\000p\000h\000i\000\352\000n}{subsection.121}% 78
\BOOKMARK [3][-]{subsubsection.129}{\376\377\000U\000C\000-\0000\0002\000\040\040\023\000\040\001\020\036\323\000n\000g\000\040\000b\036\331\000\040\000p\000l\000a\000y\000e\000r\000\040\000s\000t\000a\000t\000e}{subsection.121}% 79
\BOOKMARK [3][-]{subsubsection.133}{\376\377\000U\000C\000-\0000\0003\000\040\040\023\000\040\001\020\036\323\000n\000g\000\040\000b\036\331\000\040\000v\000\340\000\040\000c\000l\000a\000i\000m\000\040\000q\000u\000e\000s\000t}{subsection.121}% 80
\BOOKMARK [3][-]{subsubsection.140}{\376\377\000U\000C\000-\0000\0004\000\040\040\023\000\040\000K\000h\036\337\000i\000\040\000t\036\241\000o\000\040\000b\000a\000t\000t\000l\000e\000\040\000s\000e\000s\000s\000i\000o\000n}{subsection.121}% 81
\BOOKMARK [3][-]{subsubsection.144}{\376\377\000U\000C\000-\0000\0005\000\040\040\023\000\040\000K\036\277\000t\000\040\000t\000h\000\372\000c\000\040\000b\000a\000t\000t\000l\000e\000\040\000v\000\340\000\040\001\021\036\323\000n\000g\000\040\000b\036\331\000\040\000h\036\255\000u\000\040\000t\000r\036\255\000n}{subsection.121}% 82
\BOOKMARK [3][-]{subsubsection.151}{\376\377\000U\000C\000-\0000\0006\000\040\040\023\000\040\001\020\036\323\000n\000g\000\040\000b\036\331\000\040\000t\000u\000t\000o\000r\000i\000a\000l\000\040\000p\000r\000o\000g\000r\000e\000s\000s}{subsection.121}% 83
\BOOKMARK [3][-]{subsubsection.155}{\376\377\000U\000C\000-\0000\0007\000\040\040\023\000\040\000N\000\342\000n\000g\000\040\000c\036\245\000p\000\040\000h\000e\000r\000o\000\040\000v\000\340\000\040\000s\000k\000i\000l\000l}{subsection.121}% 84
\BOOKMARK [3][-]{subsubsection.160}{\376\377\000U\000C\000-\0000\0008\000\040\040\023\000\040\000M\000u\000a\000\040\000s\000h\000o\000p\000\040\000o\000f\000f\000e\000r\000\040\000v\000\340\000\040\000h\000i\036\303\000n\000\040\000t\000h\036\313\000\040\000p\000h\036\247\000n\000\040\000t\000h\001\260\036\337\000n\000g}{subsection.121}% 85
\BOOKMARK [3][-]{subsubsection.166}{\376\377\000U\000C\000-\0000\0009\000\040\040\023\000\040\000N\000\342\000n\000g\000\040\000c\036\245\000p\000\040\000c\000a\000s\000t\000l\000e}{subsection.121}% 86
\BOOKMARK [2][-]{subsection.171}{\376\377\000Q\000u\000y\000\040\000t\036\257\000c\000\040\000n\000g\000h\000i\036\307\000p\000\040\000v\036\345\000\040\000v\000\340\000\040\000r\000\340\000n\000g\000\040\000b\000u\036\331\000c\000\040\000h\036\307\000\040\000t\000h\036\321\000n\000g}{section.105}% 87
\BOOKMARK [3][-]{subsubsection.172}{\376\377\000S\000e\000r\000v\000e\000r\000-\000a\000u\000t\000h\000o\000r\000i\000t\000a\000t\000i\000v\000e\000\040\000s\000t\000a\000t\000e}{subsection.171}% 88
\BOOKMARK [3][-]{subsubsection.173}{\376\377\000I\000d\000e\000m\000p\000o\000t\000e\000n\000c\000y\000\040\000v\000\340\000\040\000r\000e\000t\000r\000y}{subsection.171}% 89
\BOOKMARK [3][-]{subsubsection.174}{\376\377\000N\000h\036\245\000t\000\040\000q\000u\000\341\000n\000\040\000b\036\245\000t\000\040\001\021\036\323\000n\000g\000\040\000b\036\331}{subsection.171}% 90
\BOOKMARK [3][-]{subsubsection.175}{\376\377\000T\001\260\001\241\000n\000g\000\040\000t\000h\000\355\000c\000h\000\040\000c\036\245\000u\000\040\000h\000\354\000n\000h}{subsection.171}% 91
\BOOKMARK [2][-]{subsection.176}{\376\377\000P\000h\000\342\000n\000\040\000t\000\355\000c\000h\000\040\000d\036\357\000\040\000l\000i\036\307\000u\000\040\036\337\000\040\000m\036\351\000c\000\040\000l\000o\000g\000i\000c}{section.105}% 92
\BOOKMARK [3][-]{subsubsection.177}{\376\377\000D\036\357\000\040\000l\000i\036\307\000u\000\040\000t\000i\036\277\000n\000\040\000t\000r\000\354\000n\000h}{subsection.176}% 93
\BOOKMARK [3][-]{subsubsection.178}{\376\377\000T\000h\036\361\000c\000\040\000t\000h\036\303\000\040\000l\000\365\000i\000\040\000t\000h\000e\000o\000\040\000l\000u\036\323\000n\000g\000\040\000h\000i\036\307\000n\000\040\000t\036\241\000i}{subsection.176}% 94
\BOOKMARK [3][-]{subsubsection.179}{\376\377\000Q\000u\000a\000n\000\040\000h\036\307\000\040\000d\036\357\000\040\000l\000i\036\307\000u\000\040\000q\000u\000a\000n\000\040\000t\000r\036\315\000n\000g}{subsection.176}% 95
\BOOKMARK [2][-]{subsection.180}{\376\377\000T\036\325\000n\000g\000\040\000k\036\277\000t\000\040\000c\000h\001\260\001\241\000n\000g}{section.105}% 96
\BOOKMARK [1][-]{section.181}{\376\377\000T\000h\000i\036\277\000t\000\040\000k\036\277\000\040\000h\036\307\000\040\000t\000h\036\321\000n\000g}{}% 97
\BOOKMARK [2][-]{subsection.182}{\376\377\000M\036\345\000c\000\040\000t\000i\000\352\000u\000\040\000t\000h\000i\036\277\000t\000\040\000k\036\277}{section.181}% 98
\BOOKMARK [2][-]{subsection.183}{\376\377\000K\000i\036\277\000n\000\040\000t\000r\000\372\000c\000\040\000t\036\325\000n\000g\000\040\000t\000h\036\303\000\040\000v\000\340\000\040\000t\000r\000i\036\303\000n\000\040\000k\000h\000a\000i}{section.181}% 99
\BOOKMARK [3][-]{subsubsection.184}{\376\377\000T\036\325\000n\000g\000\040\000q\000u\000a\000n\000\040\000t\000r\000i\036\303\000n\000\040\000k\000h\000a\000i}{subsection.183}% 100
\BOOKMARK [3][-]{subsubsection.186}{\376\377\000N\000g\000u\000y\000\352\000n\000\040\000t\036\257\000c\000\040\000s\000e\000r\000v\000e\000r\000-\000a\000u\000t\000h\000o\000r\000i\000t\000a\000t\000i\000v\000e}{subsection.183}% 101
\BOOKMARK [3][-]{subsubsection.187}{\376\377\000P\000h\000\342\000n\000\040\000t\000\341\000c\000h\000\040\000g\000i\000a\000o\000\040\000t\000i\036\277\000p\000:\000\040\000R\000E\000S\000T\000\040\000A\000P\000I\000\040\000v\036\255\000n\000\040\000h\000\340\000n\000h}{subsection.183}% 102
\BOOKMARK [2][-]{subsection.189}{\376\377\000T\000h\000i\036\277\000t\000\040\000k\036\277\000\040\000m\000\364\000-\001\021\000u\000n\000\040\000b\000a\000c\000k\000e\000n\000d}{section.181}% 103
\BOOKMARK [3][-]{subsubsection.191}{\376\377\000C\000\341\000c\000\040\000t\000h\000\340\000n\000h\000\040\000p\000h\036\247\000n\000\040\000d\000\371\000n\000g\000\040\000c\000h\000u\000n\000g\000\040\000\050\000c\000r\000o\000s\000s\000-\000c\000u\000t\000t\000i\000n\000g\000\051}{subsection.189}% 104
\BOOKMARK [2][-]{subsection.192}{\376\377\000T\000h\000i\036\277\000t\000\040\000k\036\277\000\040\000d\036\357\000\040\000l\000i\036\307\000u}{section.181}% 105
\BOOKMARK [3][-]{subsubsection.193}{\376\377\000N\000g\000u\000y\000\352\000n\000\040\000t\036\257\000c\000\040\000t\000h\000i\036\277\000t\000\040\000k\036\277\000\040\000d\036\357\000\040\000l\000i\036\307\000u}{subsection.192}% 106
\BOOKMARK [3][-]{subsubsection.194}{\376\377\000M\000\364\000\040\000h\000\354\000n\000h\000\040\000t\000h\036\361\000c\000\040\000t\000h\036\303\000\040\000c\000h\000\355\000n\000h\000\040\000\050\000E\000R\000D\000\040\000m\036\351\000c\000\040\000l\000o\000g\000i\000c\000\051}{subsection.192}% 107
\BOOKMARK [3][-]{subsubsection.196}{\376\377\000P\000h\000\342\000n\000\040\000t\000\355\000c\000h\000\040\000q\000u\000a\000n\000\040\000h\036\307\000\040\000v\000\340\000\040\000p\000h\036\345\000\040\000t\000h\000u\036\331\000c\000\040\000t\000h\000u\036\331\000c\000\040\000t\000\355\000n\000h}{subsection.192}% 108
\BOOKMARK [3][-]{subsubsection.202}{\376\377\000T\036\353\000\040\001\021\000i\036\303\000n\000\040\000d\036\357\000\040\000l\000i\036\307\000u\000\040\000\050\000D\000a\000t\000a\000\040\000D\000i\000c\000t\000i\000o\000n\000a\000r\000y\000\051\000\040\036\337\000\040\000m\036\351\000c\000\040\000c\000o\000l\000l\000e\000c\000t\000i\000o\000n}{subsection.192}% 109
\BOOKMARK [3][-]{subsubsection.211}{\376\377\000C\000h\036\311\000\040\000m\036\345\000c\000\040\000\050\000i\000n\000d\000e\000x\000e\000s\000\051\000\040\000v\000\340\000\040\000k\000h\000o\000\341\000\040\000t\000r\000u\000y\000\040\000v\036\245\000n}{subsection.192}% 110
\BOOKMARK [2][-]{subsection.212}{\376\377\000T\000h\000i\036\277\000t\000\040\000k\036\277\000\040\000h\036\307\000\040\000t\000h\036\321\000n\000g\000\040\000c\000h\036\311\000\040\000s\036\321\000\040\000v\000\340\000\040\000t\001\003\000n\000g\000\040\000t\000r\001\260\036\337\000n\000g\000\040\000n\000h\000\342\000n\000\040\000v\036\255\000t}{section.181}% 111
\BOOKMARK [3][-]{subsubsection.213}{\376\377\000T\000h\000u\036\331\000c\000\040\000t\000\355\000n\000h\000\040\000n\036\301\000n\000\040\000v\000\340\000\040\000c\000h\036\311\000\040\000s\036\321\000\040\000s\000u\000y\000\040\000d\000i\036\305\000n}{subsection.212}% 112
\BOOKMARK [3][-]{subsubsection.215}{\376\377\000T\000\355\000n\000h\000\040\000t\000o\000\341\000n\000\040\000c\000h\036\311\000\040\000s\036\321\000\040\000t\000h\000e\000o\000\040\000h\001\260\036\333\000n\000g\000\040\000d\000a\000t\000a\000-\000d\000r\000i\000v\000e\000n}{subsection.212}% 113
\BOOKMARK [2][-]{subsection.216}{\376\377\000T\000h\000i\036\277\000t\000\040\000k\036\277\000\040\000q\000u\036\243\000n\000\040\000t\000r\036\313\000\040\000c\036\245\000u\000\040\000h\000\354\000n\000h\000\040\000g\000a\000m\000e\000\040\000\050\000C\000o\000n\000f\000i\000g\000\040\000P\000i\000p\000e\000l\000i\000n\000e\000\051}{section.181}% 114
\BOOKMARK [3][-]{subsubsection.217}{\376\377\000L\000u\036\323\000n\000g\000\040\000d\036\357\000\040\000l\000i\036\307\000u\000\040\000c\036\245\000u\000\040\000h\000\354\000n\000h}{subsection.216}% 115
\BOOKMARK [3][-]{subsubsection.222}{\376\377\000T\000h\000i\036\277\000t\000\040\000k\036\277\000\040\000C\000o\000n\000f\000i\000g\000\040\000M\000a\000n\000a\000g\000e\000r}{subsection.216}% 116
\BOOKMARK [2][-]{subsection.223}{\376\377\000T\000h\000i\036\277\000t\000\040\000k\036\277\000\040\000g\000i\000a\000o\000\040\000t\000i\036\277\000p\000\040\000c\000l\000i\000e\000n\000t\040\023\000s\000e\000r\000v\000e\000r}{section.181}% 117
\BOOKMARK [3][-]{subsubsection.224}{\376\377\000R\000E\000S\000T\000\040\000A\000P\000I\000:\000\040\000n\000h\000\363\000m\000\040\000e\000n\000d\000p\000o\000i\000n\000t\000\040\000v\000\340\000\040\000q\000u\000y\000\040\001\260\036\333\000c}{subsection.223}% 118
\BOOKMARK [2][-]{subsection.225}{\376\377\000T\000h\000i\036\277\000t\000\040\000k\036\277\000\040\000g\000i\000a\000o\000\040\000d\000i\036\307\000n\000\040\000n\000g\001\260\036\335\000i\000\040\000d\000\371\000n\000g\000\040\000\050\000U\000I\000/\000U\000X\000\051\000\040\000m\036\351\000c\000\040\000t\000h\000a\000m\000\040\000c\000h\000i\036\277\000u}{section.181}% 119
\BOOKMARK [3][-]{subsubsection.226}{\376\377\000L\000u\036\323\000n\000g\000\040\000U\000I\000\040\000x\000\341\000c\000\040\000t\000h\036\361\000c\000:\000\040\000L\000o\000g\000i\000n\000/\000R\000e\000g\000i\000s\000t\000e\000r}{subsection.225}% 120
\BOOKMARK [3][-]{subsubsection.228}{\376\377\000U\000I\000\040\000l\000o\000b\000b\000y\000\040\000v\000\340\000\040\001\021\000i\036\301\000u\000\040\000h\001\260\036\333\000n\000g\000\040\000p\000h\000\342\000n\000\040\000h\036\307}{subsection.225}% 121
\BOOKMARK [3][-]{subsubsection.230}{\376\377\000U\000I\000\040\000q\000u\000e\000s\000t\000\040\000v\000\340\000\040\000m\000i\000l\000e\000s\000t\000o\000n\000e\000\040\000r\000e\000w\000a\000r\000d}{subsection.225}% 122
\BOOKMARK [3][-]{subsubsection.232}{\376\377\000U\000I\000\040\000s\000h\000o\000p\000\040\000v\000\340\000\040\000p\000o\000p\000u\000p\000\040\000p\000h\036\247\000n\000\040\000t\000h\001\260\036\337\000n\000g}{subsection.225}% 123
\BOOKMARK [3][-]{subsubsection.234}{\376\377\000U\000I\000\040\000h\000e\000r\000o\000\040\000i\000n\000v\000e\000n\000t\000o\000r\000y\000,\000\040\000u\000p\000g\000r\000a\000d\000e\000\040\000v\000\340\000\040\000e\000v\000o\000l\000v\000e}{subsection.225}% 124
\BOOKMARK [3][-]{subsubsection.236}{\376\377\000U\000I\000\040\000t\000u\000t\000o\000r\000i\000a\000l\000\040\000v\000\340\000\040\000o\000n\000b\000o\000a\000r\000d\000i\000n\000g}{subsection.225}% 125
\BOOKMARK [3][-]{subsubsection.238}{\376\377\000U\000I\000\040\000v\000\340\000o\000\040\000t\000r\036\255\000n\000\040\000v\000\340\000\040\000g\000a\000m\000e\000p\000l\000a\000y\000\040\000b\000a\000t\000t\000l\000e}{subsection.225}% 126
\BOOKMARK [3][-]{subsubsection.240}{\376\377\000U\000I\000\040\000k\036\277\000t\000\040\000q\000u\036\243\000\040\000t\000r\036\255\000n\000\040\000v\000\340\000\040\000r\000e\000w\000a\000r\000d}{subsection.225}% 127
\BOOKMARK [2][-]{subsection.242}{\376\377\000B\036\243\000o\000\040\000m\036\255\000t\000,\000\040\000n\000h\036\245\000t\000\040\000q\000u\000\341\000n\000\040\000v\000\340\000\040\000q\000u\000a\000n\000\040\000s\000\341\000t\000\040\000h\036\307\000\040\000t\000h\036\321\000n\000g}{section.181}% 128
\BOOKMARK [3][-]{subsubsection.243}{\376\377\000B\036\243\000o\000\040\000m\036\255\000t}{subsection.242}% 129
\BOOKMARK [3][-]{subsubsection.244}{\376\377\000N\000h\036\245\000t\000\040\000q\000u\000\341\000n\000\040\000d\036\357\000\040\000l\000i\036\307\000u\000\040\000v\000\340\000\040\000g\000i\000a\000o\000\040\000d\036\313\000c\000h\000\040\000n\000g\000h\000i\036\307\000p\000\040\000v\036\345}{subsection.242}% 130
\BOOKMARK [3][-]{subsubsection.245}{\376\377\000Q\000u\000a\000n\000\040\000s\000\341\000t\000\040\000h\036\307\000\040\000t\000h\036\321\000n\000g\000\040\000\050\000o\000b\000s\000e\000r\000v\000a\000b\000i\000l\000i\000t\000y\000\051}{subsection.242}% 131
\BOOKMARK [2][-]{subsection.246}{\376\377\000T\036\325\000n\000g\000\040\000k\036\277\000t\000\040\000c\000h\001\260\001\241\000n\000g}{section.181}% 132
\BOOKMARK [1][-]{section.247}{\376\377\000H\000i\036\307\000n\000\040\000t\000h\036\361\000c\000\040\000v\000\340\000\040\000t\000\355\000c\000h\000\040\000h\036\343\000p\000\040\000h\036\307\000\040\000t\000h\036\321\000n\000g}{}% 133
\BOOKMARK [2][-]{subsection.248}{\376\377\000M\036\345\000c\000\040\000t\000i\000\352\000u\000\040\000c\000h\001\260\001\241\000n\000g}{section.247}% 134
\BOOKMARK [2][-]{subsection.249}{\376\377\000B\000a\000s\000e\000l\000i\000n\000e\000\040\000t\000r\000i\036\303\000n\000\040\000k\000h\000a\000i\000\040\000h\000i\036\307\000n\000\040\000t\036\241\000i}{section.247}% 135
\BOOKMARK [2][-]{subsection.250}{\376\377\000H\000i\036\307\000n\000\040\000t\000h\036\361\000c\000\040\000p\000h\000\355\000a\000\040\000c\000l\000i\000e\000n\000t\000\040\000\050\000U\000n\000i\000t\000y\000\051}{section.247}% 136
\BOOKMARK [3][-]{subsubsection.251}{\376\377\000T\036\325\000\040\000c\000h\036\351\000c\000\040\000l\036\333\000p\000\040\000g\000i\000a\000o\000\040\000t\000i\036\277\000p\000\040\000b\000a\000c\000k\000e\000n\000d}{subsection.250}% 137
\BOOKMARK [3][-]{subsubsection.252}{\376\377\000N\000g\000u\000y\000\352\000n\000\040\000t\036\257\000c\000\040\001\021\036\323\000n\000g\000\040\000b\036\331\000\040\000d\036\357\000\040\000l\000i\036\307\000u}{subsection.250}% 138
\BOOKMARK [2][-]{subsection.253}{\376\377\000H\000i\036\307\000n\000\040\000t\000h\036\361\000c\000\040\000p\000h\000\355\000a\000\040\000b\000a\000c\000k\000e\000n\000d\000\040\000t\000h\000e\000o\000\040\000c\000o\000n\000t\000r\000a\000c\000t}{section.247}% 139
\BOOKMARK [3][-]{subsubsection.254}{\376\377\000N\000h\000\363\000m\000\040\000e\000n\000d\000p\000o\000i\000n\000t\000\040\001\021\000\343\000\040\000t\000\355\000c\000h\000\040\000h\036\343\000p}{subsection.253}% 140
\BOOKMARK [3][-]{subsubsection.255}{\376\377\000Q\000u\000y\000\040\000t\036\257\000c\000\040\000d\036\357\000\040\000l\000i\036\307\000u\000\040\000q\000u\000a\000n\000\040\000t\000r\036\315\000n\000g}{subsection.253}% 141
\BOOKMARK [2][-]{subsection.256}{\376\377\000L\000u\036\323\000n\000g\000\040\000t\000\355\000c\000h\000\040\000h\036\343\000p\000\040\001\021\000\343\000\040\000k\000i\036\303\000m\000\040\000c\000h\036\351\000n\000g}{section.247}% 142
\BOOKMARK [3][-]{subsubsection.257}{\376\377\000L\000u\036\323\000n\000g\000\040\000x\000\341\000c\000\040\000t\000h\036\361\000c\000\040\000v\000\340\000\040\000v\000\340\000o\000\040\000l\000o\000b\000b\000y}{subsection.256}% 143
\BOOKMARK [3][-]{subsubsection.261}{\376\377\000L\000u\036\323\000n\000g\000\040\000q\000u\000e\000s\000t\000\040\000v\000\340\000\040\000r\000e\000w\000a\000r\000d}{subsection.256}% 144
\BOOKMARK [3][-]{subsubsection.265}{\376\377\000L\000u\036\323\000n\000g\000\040\000b\000a\000t\000t\000l\000e\000\040\000v\000\340\000\040\000h\036\255\000u\000\040\000b\000a\000t\000t\000l\000e}{subsection.256}% 145
\BOOKMARK [3][-]{subsubsection.269}{\376\377\000L\000u\036\323\000n\000g\000\040\000l\000e\000v\000e\000l\000-\000u\000p\000,\000\040\000t\000u\000t\000o\000r\000i\000a\000l\000\040\000v\000\340\000\040\000c\000a\000s\000t\000l\000e}{subsection.256}% 146
\BOOKMARK [3][-]{subsubsection.270}{\376\377\000L\000u\036\323\000n\000g\000\040\000s\000h\000o\000p\000\040\000p\000u\000r\000c\000h\000a\000s\000e\000\040\000v\000\340\000\040\000p\000o\000p\000u\000p\000\040\000r\000e\000w\000a\000r\000d}{subsection.256}% 147
\BOOKMARK [2][-]{subsection.275}{\376\377\000C\000l\000a\000i\000m\000\040\000v\000a\000\040\000E\000v\000i\000d\000e\000n\000c\000e}{section.247}% 148
\BOOKMARK [2][-]{subsection.277}{\376\377\000C\000\341\000c\000\040\000h\036\241\000n\000g\000\040\000m\036\345\000c\000\040\000m\036\337\000\040\000r\036\331\000n\000g\000\040\000c\000h\001\260\000a\000\040\000h\000o\000\340\000n\000\040\000t\036\245\000t}{section.247}% 149
\BOOKMARK [2][-]{subsection.278}{\376\377\000T\036\325\000n\000g\000\040\000k\036\277\000t\000\040\000c\000h\001\260\001\241\000n\000g}{section.247}% 150
\BOOKMARK [1][-]{section.279}{\376\377\001\020\000\341\000n\000h\000\040\000g\000i\000\341\000\040\000h\036\307\000\040\000t\000h\036\321\000n\000g}{}% 151
\BOOKMARK [2][-]{subsection.280}{\376\377\000M\036\345\000c\000\040\000t\000i\000\352\000u\000\040\000v\000\340\000\040\000p\000h\001\260\001\241\000n\000g\000\040\000p\000h\000\341\000p\000\040\001\021\000\341\000n\000h\000\040\000g\000i\000\341}{section.279}% 152
\BOOKMARK [2][-]{subsection.281}{\376\377\000B\000a\000o\000\040\000p\000h\036\347\000\040\000y\000\352\000u\000\040\000c\036\247\000u\000\040\000c\000h\036\351\000c\000\040\000n\001\003\000n\000g}{section.279}% 153
\BOOKMARK [2][-]{subsection.283}{\376\377\001\020\000\341\000n\000h\000\040\000g\000i\000\341\000\040\000n\000h\036\245\000t\000\040\000q\000u\000\341\000n\000\040\000d\036\357\000\040\000l\000i\036\307\000u}{section.279}% 154
\BOOKMARK [3][-]{subsubsection.284}{\376\377\001\020\000i\036\303\000m\000\040\001\021\000\343\000\040\001\021\036\241\000t}{subsection.283}% 155
\BOOKMARK [3][-]{subsubsection.285}{\376\377\001\020\000i\036\303\000m\000\040\000c\036\247\000n\000\040\000k\000i\036\303\000m\000\040\000s\000o\000\341\000t}{subsection.283}% 156
\BOOKMARK [2][-]{subsection.286}{\376\377\001\020\000\341\000n\000h\000\040\000g\000i\000\341\000\040\000p\000h\000i\000\040\000c\000h\036\351\000c\000\040\000n\001\003\000n\000g}{section.279}% 157
\BOOKMARK [2][-]{subsection.287}{\376\377\000R\036\347\000i\000\040\000r\000o\000\040\000c\000\362\000n\000\040\000l\036\241\000i\000\040\000v\000\340\000\040\000h\001\260\036\333\000n\000g\000\040\000g\000i\036\243\000m\000\040\000t\000h\000i\036\303\000u}{section.279}% 158
\BOOKMARK [2][-]{subsection.289}{\376\377\000T\036\325\000n\000g\000\040\000k\036\277\000t\000\040\000c\000h\001\260\001\241\000n\000g}{section.279}% 159
\BOOKMARK [1][-]{section.290}{\376\377\000K\036\277\000t\000\040\000l\000u\036\255\000n\000\040\000v\000\340\000\040\000h\001\260\036\333\000n\000g\000\040\000p\000h\000\341\000t\000\040\000t\000r\000i\036\303\000n}{}% 160
\BOOKMARK [2][-]{subsection.291}{\376\377\000T\036\325\000n\000g\000\040\000k\036\277\000t\000\040\000k\036\277\000t\000\040\000q\000u\036\243\000\040\000h\000i\036\307\000n\000\040\000t\036\241\000i}{section.290}% 161
\BOOKMARK [2][-]{subsection.292}{\376\377\001\020\000\363\000n\000g\000\040\000g\000\363\000p}{section.290}% 162
\BOOKMARK [2][-]{subsection.293}{\376\377\000H\036\241\000n\000\040\000c\000h\036\277\000\040\000h\000i\036\307\000n\000\040\000t\036\241\000i}{section.290}% 163
\BOOKMARK [2][-]{subsection.294}{\376\377\000H\001\260\036\333\000n\000g\000\040\000p\000h\000\341\000t\000\040\000t\000r\000i\036\303\000n\000\040\000t\000i\036\277\000p\000\040\000t\000h\000e\000o}{section.290}% 164
\BOOKMARK [2][-]{subsection.295}{\376\377\000K\036\277\000t\000\040\000l\000u\036\255\000n}{section.290}% 165
\BOOKMARK [1][-]{section*.296}{\376\377\000P\000h\000\342\000n\000\040\000c\000\364\000n\000g\000\040\000n\000h\000i\036\307\000m\000\040\000v\036\345\000\040\000v\000\340\000\040\001\021\000\363\000n\000g\000\040\000g\000\363\000p\000\040\000c\036\347\000a\000\040\000c\000\341\000c\000\040\000t\000h\000\340\000n\000h\000\040\000v\000i\000\352\000n}{}% 166
\BOOKMARK [1][-]{section*.298}{\376\377\000R\000o\000a\000d\000m\000a\000p\000\040\000g\000i\000a\000i\000\040\001\021\000o\036\241\000n\000\040\000t\000i\036\277\000p\000\040\000t\000h\000e\000o}{}% 167
\BOOKMARK [1][-]{table.caption.299}{\376\377\000T\000\340\000i\000\040\000l\000i\036\307\000u\000\040\000t\000h\000a\000m\000\040\000k\000h\036\243\000o}{}% 168
